f:\marty sama2023\marty sama\source client\client\eterbase\release\crc32.obj
f:\marty sama2023\marty sama\source client\client\eterbase\release\debug.obj
f:\marty sama2023\marty sama\source client\client\eterbase\release\fileloader.obj
f:\marty sama2023\marty sama\source client\client\eterbase\release\random.obj
f:\marty sama2023\marty sama\source client\client\eterbase\release\stl.obj
f:\marty sama2023\marty sama\source client\client\eterbase\release\timer.obj
f:\marty sama2023\marty sama\source client\client\eterbase\release\cipher.obj
f:\marty sama2023\marty sama\source client\client\eterbase\release\base.obj
f:\marty sama2023\marty sama\source client\client\eterbase\release\symtable.obj
f:\marty sama2023\marty sama\source client\client\eterbase\release\tea.obj
f:\marty sama2023\marty sama\source client\client\eterbase\release\cpostit.obj
f:\marty sama2023\marty sama\source client\client\eterbase\release\filebase.obj
f:\marty sama2023\marty sama\source client\client\eterbase\release\filedir.obj
f:\marty sama2023\marty sama\source client\client\eterbase\release\mappedfile.obj
f:\marty sama2023\marty sama\source client\client\eterbase\release\stdafx.obj
f:\marty sama2023\marty sama\source client\client\eterbase\release\tempfile.obj
f:\marty sama2023\marty sama\source client\client\eterbase\release\utils.obj
f:\marty sama2023\marty sama\source client\client\eterbase\release\error.obj
f:\marty sama2023\marty sama\source client\client\eterbase\release\lzo.obj
f:\marty sama2023\marty sama\source client\client\eterbase\release\poly.obj
f:\marty sama2023\marty sama\source client\client\eterbase\release\symbol.obj
f:\marty sama2023\marty sama\source client\client\eterbase\release\eterbase.pdb
f:\marty sama2023\marty sama\source client\client\eterbase\release\eterbase.lib
f:\marty sama2023\marty sama\source client\client\eterbase\release\eterbase.tlog\cl.10140.write.1.tlog
f:\marty sama2023\marty sama\source client\client\eterbase\release\eterbase.tlog\cl.command.1.tlog
f:\marty sama2023\marty sama\source client\client\eterbase\release\eterbase.tlog\cl.items.tlog
f:\marty sama2023\marty sama\source client\client\eterbase\release\eterbase.tlog\cl.read.1.tlog
f:\marty sama2023\marty sama\source client\client\eterbase\release\eterbase.tlog\lib-link.read.1.tlog
f:\marty sama2023\marty sama\source client\client\eterbase\release\eterbase.tlog\lib-link.write.1.tlog
f:\marty sama2023\marty sama\source client\client\eterbase\release\eterbase.tlog\lib.command.1.tlog
