f:\metin2marty5.3\source client\client\eterpythonlib\release\eterpythonlib.pch
f:\metin2marty5.3\source client\client\eterpythonlib\release\eterpythonlib.pdb
f:\metin2marty5.3\source client\client\eterpythonlib\release\stdafx.obj
f:\metin2marty5.3\source client\client\eterpythonlib\release\pythonslotwindow.obj
f:\metin2marty5.3\source client\client\eterpythonlib\release\pythonwindowmanager.obj
f:\metin2marty5.3\source client\client\eterpythonlib\release\pythongraphic.obj
f:\metin2marty5.3\source client\client\eterpythonlib\release\pythongraphictextmodule.obj
f:\metin2marty5.3\source client\client\eterpythonlib\release\pythongraphicthingmodule.obj
f:\metin2marty5.3\source client\client\eterpythonlib\release\pythongridslotwindow.obj
f:\metin2marty5.3\source client\client\eterpythonlib\release\pythonwindow.obj
f:\metin2marty5.3\source client\client\eterpythonlib\release\pythonwindowmanagermodule.obj
f:\metin2marty5.3\source client\client\eterpythonlib\release\pythongraphicimagemodule.obj
f:\metin2marty5.3\source client\client\eterpythonlib\release\pythongraphicmodule.obj
f:\metin2marty5.3\source client\client\eterpythonlib\release\eterpythonlib.lib
f:\metin2marty5.3\source client\client\eterpythonlib\release\eterpythonlib.tlog\cl.command.1.tlog
f:\metin2marty5.3\source client\client\eterpythonlib\release\eterpythonlib.tlog\cl.items.tlog
f:\metin2marty5.3\source client\client\eterpythonlib\release\eterpythonlib.tlog\cl.read.1.tlog
f:\metin2marty5.3\source client\client\eterpythonlib\release\eterpythonlib.tlog\cl.write.1.tlog
f:\metin2marty5.3\source client\client\eterpythonlib\release\eterpythonlib.tlog\lib-link.read.1.tlog
f:\metin2marty5.3\source client\client\eterpythonlib\release\eterpythonlib.tlog\lib-link.write.1.tlog
f:\metin2marty5.3\source client\client\eterpythonlib\release\eterpythonlib.tlog\lib.command.1.tlog
