f:\marty sama2023\marty sama\backup-copias\source client\client\eterlib\release\eterlib.pch
f:\marty sama2023\marty sama\backup-copias\source client\client\eterlib\release\eterlib.pdb
f:\marty sama2023\marty sama\backup-copias\source client\client\eterlib\release\stdafx.obj
f:\marty sama2023\marty sama\backup-copias\source client\client\eterlib\release\attributedata.obj
f:\marty sama2023\marty sama\backup-copias\source client\client\eterlib\release\blocktexture.obj
f:\marty sama2023\marty sama\backup-copias\source client\client\eterlib\release\crendertargetmanager.obj
f:\marty sama2023\marty sama\backup-copias\source client\client\eterlib\release\camera.obj
f:\marty sama2023\marty sama\backup-copias\source client\client\eterlib\release\collisiondata.obj
f:\marty sama2023\marty sama\backup-copias\source client\client\eterlib\release\colortransitionhelper.obj
f:\marty sama2023\marty sama\backup-copias\source client\client\eterlib\release\cullingmanager.obj
f:\marty sama2023\marty sama\backup-copias\source client\client\eterlib\release\decal.obj
f:\marty sama2023\marty sama\backup-copias\source client\client\eterlib\release\dibbar.obj
f:\marty sama2023\marty sama\backup-copias\source client\client\eterlib\release\grpbase.obj
f:\marty sama2023\marty sama\backup-copias\source client\client\eterlib\release\grpcollisionobject.obj
f:\marty sama2023\marty sama\backup-copias\source client\client\eterlib\release\grpcolor.obj
f:\marty sama2023\marty sama\backup-copias\source client\client\eterlib\release\grpcolorinstance.obj
f:\marty sama2023\marty sama\backup-copias\source client\client\eterlib\release\grpd3dxbuffer.obj
f:\marty sama2023\marty sama\backup-copias\source client\client\eterlib\release\grpdib.obj
f:\marty sama2023\marty sama\backup-copias\source client\client\eterlib\release\grpdetector.obj
f:\marty sama2023\marty sama\backup-copias\source client\client\eterlib\release\grpdevice.obj
f:\marty sama2023\marty sama\backup-copias\source client\client\eterlib\release\grpfonttexture.obj
f:\marty sama2023\marty sama\backup-copias\source client\client\eterlib\release\grpindexbuffer.obj
f:\marty sama2023\marty sama\backup-copias\source client\client\eterlib\release\grplightmanager.obj
f:\marty sama2023\marty sama\backup-copias\source client\client\eterlib\release\grpmath.obj
f:\marty sama2023\marty sama\backup-copias\source client\client\eterlib\release\grppixelshader.obj
f:\marty sama2023\marty sama\backup-copias\source client\client\eterlib\release\grpratioinstance.obj
f:\marty sama2023\marty sama\backup-copias\source client\client\eterlib\release\grprendertargettexture.obj
f:\marty sama2023\marty sama\backup-copias\source client\client\eterlib\release\grpsubimage.obj
f:\marty sama2023\marty sama\backup-copias\source client\client\eterlib\release\grptexture.obj
f:\marty sama2023\marty sama\backup-copias\source client\client\eterlib\release\grpvertexbufferdynamic.obj
f:\marty sama2023\marty sama\backup-copias\source client\client\eterlib\release\grpvertexbufferstatic.obj
f:\marty sama2023\marty sama\backup-copias\source client\client\eterlib\release\grpvertexshader.obj
f:\marty sama2023\marty sama\backup-copias\source client\client\eterlib\release\ime.obj
f:\marty sama2023\marty sama\backup-copias\source client\client\eterlib\release\msapplication.obj
f:\marty sama2023\marty sama\backup-copias\source client\client\eterlib\release\mutex.obj
f:\marty sama2023\marty sama\backup-copias\source client\client\eterlib\release\netaddress.obj
f:\marty sama2023\marty sama\backup-copias\source client\client\eterlib\release\netdatagram.obj
f:\marty sama2023\marty sama\backup-copias\source client\client\eterlib\release\netdatagramreceiver.obj
f:\marty sama2023\marty sama\backup-copias\source client\client\eterlib\release\netdatagramsender.obj
f:\marty sama2023\marty sama\backup-copias\source client\client\eterlib\release\netdevice.obj
f:\marty sama2023\marty sama\backup-copias\source client\client\eterlib\release\netpacketheadermap.obj
f:\marty sama2023\marty sama\backup-copias\source client\client\eterlib\release\netstream.obj
f:\marty sama2023\marty sama\backup-copias\source client\client\eterlib\release\resourcemanager.obj
f:\marty sama2023\marty sama\backup-copias\source client\client\eterlib\release\texttag.obj
f:\marty sama2023\marty sama\backup-copias\source client\client\eterlib\release\thread.obj
f:\marty sama2023\marty sama\backup-copias\source client\client\eterlib\release\util.obj
f:\marty sama2023\marty sama\backup-copias\source client\client\eterlib\release\attributeinstance.obj
f:\marty sama2023\marty sama\backup-copias\source client\client\eterlib\release\crendertarget.obj
f:\marty sama2023\marty sama\backup-copias\source client\client\eterlib\release\environmentmap.obj
f:\marty sama2023\marty sama\backup-copias\source client\client\eterlib\release\fileloaderthread.obj
f:\marty sama2023\marty sama\backup-copias\source client\client\eterlib\release\grpexpandedimageinstance.obj
f:\marty sama2023\marty sama\backup-copias\source client\client\eterlib\release\grpimage.obj
f:\marty sama2023\marty sama\backup-copias\source client\client\eterlib\release\grpimageinstance.obj
f:\marty sama2023\marty sama\backup-copias\source client\client\eterlib\release\grpimagetexture.obj
f:\marty sama2023\marty sama\backup-copias\source client\client\eterlib\release\grpmarkinstance.obj
f:\marty sama2023\marty sama\backup-copias\source client\client\eterlib\release\grpobjectinstance.obj
f:\marty sama2023\marty sama\backup-copias\source client\client\eterlib\release\grpscreen.obj
f:\marty sama2023\marty sama\backup-copias\source client\client\eterlib\release\grpshadowtexture.obj
f:\marty sama2023\marty sama\backup-copias\source client\client\eterlib\release\grptext.obj
f:\marty sama2023\marty sama\backup-copias\source client\client\eterlib\release\grptextinstance.obj
f:\marty sama2023\marty sama\backup-copias\source client\client\eterlib\release\grpvertexbuffer.obj
f:\marty sama2023\marty sama\backup-copias\source client\client\eterlib\release\input.obj
f:\marty sama2023\marty sama\backup-copias\source client\client\eterlib\release\jpegfile.obj
f:\marty sama2023\marty sama\backup-copias\source client\client\eterlib\release\lensflare.obj
f:\marty sama2023\marty sama\backup-copias\source client\client\eterlib\release\mswindow.obj
f:\marty sama2023\marty sama\backup-copias\source client\client\eterlib\release\pathstack.obj
f:\marty sama2023\marty sama\backup-copias\source client\client\eterlib\release\referenceobject.obj
f:\marty sama2023\marty sama\backup-copias\source client\client\eterlib\release\resource.obj
f:\marty sama2023\marty sama\backup-copias\source client\client\eterlib\release\screenfilter.obj
f:\marty sama2023\marty sama\backup-copias\source client\client\eterlib\release\skybox.obj
f:\marty sama2023\marty sama\backup-copias\source client\client\eterlib\release\statemanager.obj
f:\marty sama2023\marty sama\backup-copias\source client\client\eterlib\release\targaresource.obj
f:\marty sama2023\marty sama\backup-copias\source client\client\eterlib\release\textbar.obj
f:\marty sama2023\marty sama\backup-copias\source client\client\eterlib\release\textfileloader.obj
f:\marty sama2023\marty sama\backup-copias\source client\client\eterlib\release\lineintersect_utils.obj
f:\marty sama2023\marty sama\backup-copias\source client\client\eterlib\release\parser.obj
f:\marty sama2023\marty sama\backup-copias\source client\client\eterlib\release\eterlib.lib
f:\marty sama2023\marty sama\backup-copias\source client\client\eterlib\release\eterlib.tlog\cl.command.1.tlog
f:\marty sama2023\marty sama\backup-copias\source client\client\eterlib\release\eterlib.tlog\cl.items.tlog
f:\marty sama2023\marty sama\backup-copias\source client\client\eterlib\release\eterlib.tlog\cl.read.1.tlog
f:\marty sama2023\marty sama\backup-copias\source client\client\eterlib\release\eterlib.tlog\cl.write.1.tlog
f:\marty sama2023\marty sama\backup-copias\source client\client\eterlib\release\eterlib.tlog\lib-link.read.1.tlog
f:\marty sama2023\marty sama\backup-copias\source client\client\eterlib\release\eterlib.tlog\lib-link.write.1.tlog
f:\marty sama2023\marty sama\backup-copias\source client\client\eterlib\release\eterlib.tlog\lib.command.1.tlog
