  StdAfx.cpp
F:\Marty Sama2023\marty sama\Source Client\Client\eterLib\SkyBox.h(107,2): warning C5208: la clase sin nombre que se usa en el nombre typedef no puede declarar miembros que no sean miembros de datos no estáticos, enumeraciones de miembros o clases de miembros
  ActorInstance.cpp
  ActorInstanceAttach.cpp
  ActorInstanceBattle.cpp
  ActorInstanceBlend.cpp
  ActorInstanceCollisionDetection.cpp
  ActorInstanceData.cpp
  ActorInstanceEvent.cpp
  ActorInstanceFly.cpp
  ActorInstanceMotion.cpp
  ActorInstanceMotionEvent.cpp
  ActorInstancePosition.cpp
  ActorInstanceRender.cpp
  ActorInstanceRotation.cpp
  ActorInstanceSync.cpp
  ActorInstanceWeaponTrace.cpp
  DungeonBlock.cpp
  PhysicsObject.cpp
  RaceData.cpp
  RaceDataFile.cpp
  RaceManager.cpp
  Generando código...
  Compilando...
  RaceMotionData.cpp
  WeaponTrace.cpp
  Area.cpp
  AreaLoaderThread.cpp
  AreaTerrain.cpp
  MapBase.cpp
  MapManager.cpp
  MapOutdoor.cpp
  MapOutdoorCharacterShadow.cpp
  MapOutdoorIndexBuffer.cpp
  MapOutdoorLoad.cpp
  MapOutdoorQuadtree.cpp
  MapOutdoorRender.cpp
  MapOutdoorRenderHTP.cpp
  MapOutdoorRenderSTP.cpp
  MapOutdoorUpdate.cpp
  MapOutdoorWater.cpp
  MapType.cpp
  MapUtil.cpp
  MonsterAreaInfo.cpp
  Generando código...
  Compilando...
  Property.cpp
  PropertyLoader.cpp
  PropertyManager.cpp
  SnowEnvironment.cpp
  SnowParticle.cpp
  TerrainDecal.cpp
  TerrainPatch.cpp
  TerrainQuadtree.cpp
  GameEventManager.cpp
  GameType.cpp
  GameUtil.cpp
  ItemData.cpp
  ItemManager.cpp
  FlyingData.cpp
  FlyingInstance.cpp
  FlyingObjectManager.cpp
  FlyTarget.cpp
  FlyTrace.cpp
  Generando código...
  gamelib.vcxproj -> F:\Marty Sama2023\marty sama\Source Client\Client\GameLib\Debug\gamelib.lib
