f:\metin2marty5.3\source client\client\gamelib\release\gamelib.pch
f:\metin2marty5.3\source client\client\gamelib\release\gamelib.pdb
f:\metin2marty5.3\source client\client\gamelib\release\stdafx.obj
f:\metin2marty5.3\source client\client\gamelib\release\actorinstanceattach.obj
f:\metin2marty5.3\source client\client\gamelib\release\actorinstancebattle.obj
f:\metin2marty5.3\source client\client\gamelib\release\actorinstancedata.obj
f:\metin2marty5.3\source client\client\gamelib\release\actorinstanceevent.obj
f:\metin2marty5.3\source client\client\gamelib\release\actorinstancemotion.obj
f:\metin2marty5.3\source client\client\gamelib\release\actorinstanceposition.obj
f:\metin2marty5.3\source client\client\gamelib\release\actorinstancerotation.obj
f:\metin2marty5.3\source client\client\gamelib\release\actorinstancesync.obj
f:\metin2marty5.3\source client\client\gamelib\release\physicsobject.obj
f:\metin2marty5.3\source client\client\gamelib\release\racedata.obj
f:\metin2marty5.3\source client\client\gamelib\release\racemotiondata.obj
f:\metin2marty5.3\source client\client\gamelib\release\weapontrace.obj
f:\metin2marty5.3\source client\client\gamelib\release\area.obj
f:\metin2marty5.3\source client\client\gamelib\release\mapoutdoor.obj
f:\metin2marty5.3\source client\client\gamelib\release\mapoutdoorindexbuffer.obj
f:\metin2marty5.3\source client\client\gamelib\release\mapoutdoorquadtree.obj
f:\metin2marty5.3\source client\client\gamelib\release\mapoutdoorrender.obj
f:\metin2marty5.3\source client\client\gamelib\release\mapoutdoorrenderstp.obj
f:\metin2marty5.3\source client\client\gamelib\release\mapoutdoorwater.obj
f:\metin2marty5.3\source client\client\gamelib\release\maptype.obj
f:\metin2marty5.3\source client\client\gamelib\release\maputil.obj
f:\metin2marty5.3\source client\client\gamelib\release\monsterareainfo.obj
f:\metin2marty5.3\source client\client\gamelib\release\property.obj
f:\metin2marty5.3\source client\client\gamelib\release\snowenvironment.obj
f:\metin2marty5.3\source client\client\gamelib\release\snowparticle.obj
f:\metin2marty5.3\source client\client\gamelib\release\terraindecal.obj
f:\metin2marty5.3\source client\client\gamelib\release\gametype.obj
f:\metin2marty5.3\source client\client\gamelib\release\gameutil.obj
f:\metin2marty5.3\source client\client\gamelib\release\itemdata.obj
f:\metin2marty5.3\source client\client\gamelib\release\flyingdata.obj
f:\metin2marty5.3\source client\client\gamelib\release\flyingobjectmanager.obj
f:\metin2marty5.3\source client\client\gamelib\release\flytarget.obj
f:\metin2marty5.3\source client\client\gamelib\release\actorinstance.obj
f:\metin2marty5.3\source client\client\gamelib\release\actorinstanceblend.obj
f:\metin2marty5.3\source client\client\gamelib\release\actorinstancecollisiondetection.obj
f:\metin2marty5.3\source client\client\gamelib\release\actorinstancefly.obj
f:\metin2marty5.3\source client\client\gamelib\release\actorinstancemotionevent.obj
f:\metin2marty5.3\source client\client\gamelib\release\actorinstancerender.obj
f:\metin2marty5.3\source client\client\gamelib\release\actorinstanceweapontrace.obj
f:\metin2marty5.3\source client\client\gamelib\release\dungeonblock.obj
f:\metin2marty5.3\source client\client\gamelib\release\racedatafile.obj
f:\metin2marty5.3\source client\client\gamelib\release\racemanager.obj
f:\metin2marty5.3\source client\client\gamelib\release\arealoaderthread.obj
f:\metin2marty5.3\source client\client\gamelib\release\areaterrain.obj
f:\metin2marty5.3\source client\client\gamelib\release\mapbase.obj
f:\metin2marty5.3\source client\client\gamelib\release\mapmanager.obj
f:\metin2marty5.3\source client\client\gamelib\release\mapoutdoorcharactershadow.obj
f:\metin2marty5.3\source client\client\gamelib\release\mapoutdoorload.obj
f:\metin2marty5.3\source client\client\gamelib\release\mapoutdoorrenderhtp.obj
f:\metin2marty5.3\source client\client\gamelib\release\mapoutdoorupdate.obj
f:\metin2marty5.3\source client\client\gamelib\release\propertyloader.obj
f:\metin2marty5.3\source client\client\gamelib\release\propertymanager.obj
f:\metin2marty5.3\source client\client\gamelib\release\terrainpatch.obj
f:\metin2marty5.3\source client\client\gamelib\release\terrainquadtree.obj
f:\metin2marty5.3\source client\client\gamelib\release\gameeventmanager.obj
f:\metin2marty5.3\source client\client\gamelib\release\itemmanager.obj
f:\metin2marty5.3\source client\client\gamelib\release\flyinginstance.obj
f:\metin2marty5.3\source client\client\gamelib\release\flytrace.obj
f:\metin2marty5.3\source client\client\gamelib\release\gamelib.lib
f:\metin2marty5.3\source client\client\gamelib\release\gamelib.tlog\cl.command.1.tlog
f:\metin2marty5.3\source client\client\gamelib\release\gamelib.tlog\cl.items.tlog
f:\metin2marty5.3\source client\client\gamelib\release\gamelib.tlog\cl.read.1.tlog
f:\metin2marty5.3\source client\client\gamelib\release\gamelib.tlog\cl.write.1.tlog
f:\metin2marty5.3\source client\client\gamelib\release\gamelib.tlog\lib-link.read.1.tlog
f:\metin2marty5.3\source client\client\gamelib\release\gamelib.tlog\lib-link.write.1.tlog
f:\metin2marty5.3\source client\client\gamelib\release\gamelib.tlog\lib.command.1.tlog
