d:\zmetin2\nuevo\base vestaii\zbackups\update_event + tradable + multitex\binario\tools\dumpproto\dump_proto\release\vc142.pdb
d:\zmetin2\nuevo\base vestaii\zbackups\update_event + tradable + multitex\binario\tools\dumpproto\dump_proto\release\tea.obj
d:\zmetin2\nuevo\base vestaii\zbackups\update_event + tradable + multitex\binario\tools\dumpproto\dump_proto\release\lzo.obj
d:\zmetin2\nuevo\base vestaii\zbackups\update_event + tradable + multitex\binario\tools\dumpproto\dump_proto\release\itemcsvreader.obj
d:\zmetin2\nuevo\base vestaii\zbackups\update_event + tradable + multitex\binario\tools\dumpproto\dump_proto\release\dump_proto.obj
d:\zmetin2\nuevo\base vestaii\zbackups\update_event + tradable + multitex\binario\tools\dumpproto\dump_proto\release\csvfile.obj
d:\zmetin2\nuevo\base vestaii\zbackups\update_event + tradable + multitex\binario\tools\dumpproto\release\dumpproto.exe
d:\zmetin2\nuevo\base vestaii\zbackups\update_event + tradable + multitex\binario\tools\dumpproto\dump_proto\release\dumpproto.ipdb
d:\zmetin2\nuevo\base vestaii\zbackups\update_event + tradable + multitex\binario\tools\dumpproto\dump_proto\release\dumpproto.iobj
d:\zmetin2\nuevo\base vestaii\zbackups\update_event + tradable + multitex\binario\tools\dumpproto\release\dumpproto.pdb
d:\zmetin2\nuevo\base vestaii\zbackups\update_event + tradable + multitex\binario\tools\dumpproto\dump_proto\release\dump_proto.res
d:\zmetin2\nuevo\base vestaii\zbackups\rupdate_lang_onoff_environment\binario\tools\dumpproto\dump_proto\release\csvfile.obj
d:\zmetin2\nuevo\base vestaii\zbackups\rupdate_lang_onoff_environment\binario\tools\dumpproto\dump_proto\release\dump_proto.obj
d:\zmetin2\nuevo\base vestaii\zbackups\rupdate_lang_onoff_environment\binario\tools\dumpproto\dump_proto\release\itemcsvreader.obj
d:\zmetin2\nuevo\base vestaii\zbackups\rupdate_lang_onoff_environment\binario\tools\dumpproto\dump_proto\release\lzo.obj
d:\zmetin2\nuevo\base vestaii\zbackups\rupdate_lang_onoff_environment\binario\tools\dumpproto\dump_proto\release\tea.obj
d:\zmetin2\nuevo\base vestaii\zbackups\rupdate_lang_onoff_environment\binario\tools\dumpproto\dump_proto\release\dumpproto.ipdb
d:\zmetin2\nuevo\base vestaii\zbackups\rupdate_lang_onoff_environment\binario\tools\dumpproto\dump_proto\release\dumpproto.iobj
d:\zmetin2\nuevo\base vestaii\zbackups\rupdate_lang_onoff_environment\binario\tools\dumpproto\dump_proto\release\dump_proto.res
d:\zmetin2\nuevo\base vestaii\zbackups\rupdate_lang_onoff_environment\binario\tools\dumpproto\dump_proto\release\vc142.pdb
d:\zmetin2\nuevo\base vestaii\zbackups\rupdate_lang_onoff_environment\binario\tools\dumpproto\release\dumpproto.pdb
d:\zmetin2\nuevo\base vestaii\zbackups\rupdate_lang_onoff_environment\binario\tools\dumpproto\release\dumpproto.exe
d:\zmetin2\nuevo\base vestaii\zbackups\rupdate_lang_onoff_environment\binario\tools\dumpproto\dump_proto\release\dumpproto.tlog\cl.command.1.tlog
d:\zmetin2\nuevo\base vestaii\zbackups\rupdate_lang_onoff_environment\binario\tools\dumpproto\dump_proto\release\dumpproto.tlog\cl.read.1.tlog
d:\zmetin2\nuevo\base vestaii\zbackups\rupdate_lang_onoff_environment\binario\tools\dumpproto\dump_proto\release\dumpproto.tlog\cl.write.1.tlog
d:\zmetin2\nuevo\base vestaii\zbackups\rupdate_lang_onoff_environment\binario\tools\dumpproto\dump_proto\release\dumpproto.tlog\link.command.1.tlog
d:\zmetin2\nuevo\base vestaii\zbackups\rupdate_lang_onoff_environment\binario\tools\dumpproto\dump_proto\release\dumpproto.tlog\link.read.1.tlog
d:\zmetin2\nuevo\base vestaii\zbackups\rupdate_lang_onoff_environment\binario\tools\dumpproto\dump_proto\release\dumpproto.tlog\link.write.1.tlog
d:\zmetin2\nuevo\base vestaii\zbackups\rupdate_lang_onoff_environment\binario\tools\dumpproto\dump_proto\release\dumpproto.tlog\rc.command.1.tlog
d:\zmetin2\nuevo\base vestaii\zbackups\rupdate_lang_onoff_environment\binario\tools\dumpproto\dump_proto\release\dumpproto.tlog\rc.read.1.tlog
d:\zmetin2\nuevo\base vestaii\zbackups\rupdate_lang_onoff_environment\binario\tools\dumpproto\dump_proto\release\dumpproto.tlog\rc.write.1.tlog
