f:\marty sama2023\marty sama\backup-copias\source client\client\effectlib\release\effectlib.pch
f:\marty sama2023\marty sama\backup-copias\source client\client\effectlib\release\effectlib.pdb
f:\marty sama2023\marty sama\backup-copias\source client\client\effectlib\release\stdafx.obj
f:\marty sama2023\marty sama\backup-copias\source client\client\effectlib\release\effectelementbase.obj
f:\marty sama2023\marty sama\backup-copias\source client\client\effectlib\release\effectelementbaseinstance.obj
f:\marty sama2023\marty sama\backup-copias\source client\client\effectlib\release\effectinstance.obj
f:\marty sama2023\marty sama\backup-copias\source client\client\effectlib\release\effectmesh.obj
f:\marty sama2023\marty sama\backup-copias\source client\client\effectlib\release\particleproperty.obj
f:\marty sama2023\marty sama\backup-copias\source client\client\effectlib\release\particlesystemdata.obj
f:\marty sama2023\marty sama\backup-copias\source client\client\effectlib\release\type.obj
f:\marty sama2023\marty sama\backup-copias\source client\client\effectlib\release\effectdata.obj
f:\marty sama2023\marty sama\backup-copias\source client\client\effectlib\release\effectmanager.obj
f:\marty sama2023\marty sama\backup-copias\source client\client\effectlib\release\effectmeshinstance.obj
f:\marty sama2023\marty sama\backup-copias\source client\client\effectlib\release\effectupdatedecorator.obj
f:\marty sama2023\marty sama\backup-copias\source client\client\effectlib\release\emitterproperty.obj
f:\marty sama2023\marty sama\backup-copias\source client\client\effectlib\release\framecontroller.obj
f:\marty sama2023\marty sama\backup-copias\source client\client\effectlib\release\particleinstance.obj
f:\marty sama2023\marty sama\backup-copias\source client\client\effectlib\release\particlesysteminstance.obj
f:\marty sama2023\marty sama\backup-copias\source client\client\effectlib\release\simplelightdata.obj
f:\marty sama2023\marty sama\backup-copias\source client\client\effectlib\release\simplelightinstance.obj
f:\marty sama2023\marty sama\backup-copias\source client\client\effectlib\release\effectlib.lib
f:\marty sama2023\marty sama\backup-copias\source client\client\effectlib\release\effectlib.tlog\cl.command.1.tlog
f:\marty sama2023\marty sama\backup-copias\source client\client\effectlib\release\effectlib.tlog\cl.items.tlog
f:\marty sama2023\marty sama\backup-copias\source client\client\effectlib\release\effectlib.tlog\cl.read.1.tlog
f:\marty sama2023\marty sama\backup-copias\source client\client\effectlib\release\effectlib.tlog\cl.write.1.tlog
f:\marty sama2023\marty sama\backup-copias\source client\client\effectlib\release\effectlib.tlog\lib-link.read.1.tlog
f:\marty sama2023\marty sama\backup-copias\source client\client\effectlib\release\effectlib.tlog\lib-link.write.1.tlog
f:\marty sama2023\marty sama\backup-copias\source client\client\effectlib\release\effectlib.tlog\lib.command.1.tlog
