f:\marty sama2023\marty sama\source client\client\etergrnlib\release\etergrnlib.pch
f:\marty sama2023\marty sama\source client\client\etergrnlib\release\etergrnlib.pdb
f:\marty sama2023\marty sama\source client\client\etergrnlib\release\stdafx.obj
f:\marty sama2023\marty sama\source client\client\etergrnlib\release\lodcontroller.obj
f:\marty sama2023\marty sama\source client\client\etergrnlib\release\mesh.obj
f:\marty sama2023\marty sama\source client\client\etergrnlib\release\modelinstance.obj
f:\marty sama2023\marty sama\source client\client\etergrnlib\release\modelinstancemotion.obj
f:\marty sama2023\marty sama\source client\client\etergrnlib\release\modelinstanceupdate.obj
f:\marty sama2023\marty sama\source client\client\etergrnlib\release\thing.obj
f:\marty sama2023\marty sama\source client\client\etergrnlib\release\util.obj
f:\marty sama2023\marty sama\source client\client\etergrnlib\release\material.obj
f:\marty sama2023\marty sama\source client\client\etergrnlib\release\model.obj
f:\marty sama2023\marty sama\source client\client\etergrnlib\release\modelinstancecollisiondetection.obj
f:\marty sama2023\marty sama\source client\client\etergrnlib\release\modelinstancemodel.obj
f:\marty sama2023\marty sama\source client\client\etergrnlib\release\modelinstancerender.obj
f:\marty sama2023\marty sama\source client\client\etergrnlib\release\motion.obj
f:\marty sama2023\marty sama\source client\client\etergrnlib\release\thinginstance.obj
f:\marty sama2023\marty sama\source client\client\etergrnlib\release\etergrnlib.lib
f:\marty sama2023\marty sama\source client\client\etergrnlib\release\etergrnlib.tlog\cl.command.1.tlog
f:\marty sama2023\marty sama\source client\client\etergrnlib\release\etergrnlib.tlog\cl.items.tlog
f:\marty sama2023\marty sama\source client\client\etergrnlib\release\etergrnlib.tlog\cl.read.1.tlog
f:\marty sama2023\marty sama\source client\client\etergrnlib\release\etergrnlib.tlog\cl.write.1.tlog
f:\marty sama2023\marty sama\source client\client\etergrnlib\release\etergrnlib.tlog\lib-link.read.1.tlog
f:\marty sama2023\marty sama\source client\client\etergrnlib\release\etergrnlib.tlog\lib-link.write.1.tlog
f:\marty sama2023\marty sama\source client\client\etergrnlib\release\etergrnlib.tlog\lib.command.1.tlog
