f:\metin2marty5.3\source client\client\mileslib\release\mileslib.pch
f:\metin2marty5.3\source client\client\mileslib\release\mileslib.pdb
f:\metin2marty5.3\source client\client\mileslib\release\stdafx.obj
f:\metin2marty5.3\source client\client\mileslib\release\soundbase.obj
f:\metin2marty5.3\source client\client\mileslib\release\soundinstance2d.obj
f:\metin2marty5.3\source client\client\mileslib\release\soundinstancestream.obj
f:\metin2marty5.3\source client\client\mileslib\release\soundmanager2d.obj
f:\metin2marty5.3\source client\client\mileslib\release\soundmanagerstream.obj
f:\metin2marty5.3\source client\client\mileslib\release\sounddata.obj
f:\metin2marty5.3\source client\client\mileslib\release\soundinstance3d.obj
f:\metin2marty5.3\source client\client\mileslib\release\soundmanager.obj
f:\metin2marty5.3\source client\client\mileslib\release\soundmanager3d.obj
f:\metin2marty5.3\source client\client\mileslib\release\type.obj
f:\metin2marty5.3\source client\client\mileslib\release\mileslib.lib
f:\metin2marty5.3\source client\client\mileslib\release\mileslib.tlog\cl.command.1.tlog
f:\metin2marty5.3\source client\client\mileslib\release\mileslib.tlog\cl.items.tlog
f:\metin2marty5.3\source client\client\mileslib\release\mileslib.tlog\cl.read.1.tlog
f:\metin2marty5.3\source client\client\mileslib\release\mileslib.tlog\cl.write.1.tlog
f:\metin2marty5.3\source client\client\mileslib\release\mileslib.tlog\lib-link.read.1.tlog
f:\metin2marty5.3\source client\client\mileslib\release\mileslib.tlog\lib-link.write.1.tlog
f:\metin2marty5.3\source client\client\mileslib\release\mileslib.tlog\lib.command.1.tlog
